<?xml version="1.0" encoding="UTF-8"?>
<!-- Generated by org.testng.reporters.JUnitXMLReporter -->
<testsuite ignored="14" hostname="Rahul-Ramagiri" failures="0" tests="1" name="Test" time="0.031" errors="0" timestamp="2024-07-05T18:40:47 IST">
  <testcase classname="RoughPkg.Group2" name="Hello2" time="0.006"/>
  <testcase classname="RoughPkg.Groups3" name="Hello3" time="0.0">
    <ignored/>
  </testcase> <!-- Hello3 -->
  <testcase classname="RoughPkg.Group2" name="Hello" time="0.0">
    <ignored/>
  </testcase> <!-- Hello -->
  <testcase classname="RoughPkg.Groups" name="Hello" time="0.0">
    <ignored/>
  </testcase> <!-- Hello -->
  <testcase classname="RoughPkg.Group2" name="Hello4" time="0.0">
    <ignored/>
  </testcase> <!-- Hello4 -->
  <testcase classname="RoughPkg.Groups3" name="Hello13" time="0.0">
    <ignored/>
  </testcase> <!-- Hello13 -->
  <testcase classname="RoughPkg.Groups" name="Hello4" time="0.0">
    <ignored/>
  </testcase> <!-- Hello4 -->
  <testcase classname="RoughPkg.Groups" name="Hello3" time="0.0">
    <ignored/>
  </testcase> <!-- Hello3 -->
  <testcase classname="RoughPkg.Group2" name="Hello3" time="0.0">
    <ignored/>
  </testcase> <!-- Hello3 -->
  <testcase classname="RoughPkg.Groups" name="Hello2" time="0.0">
    <ignored/>
  </testcase> <!-- Hello2 -->
  <testcase classname="RoughPkg.Groups" name="Hello1" time="0.0">
    <ignored/>
  </testcase> <!-- Hello1 -->
  <testcase classname="RoughPkg.Group2" name="Hello1" time="0.0">
    <ignored/>
  </testcase> <!-- Hello1 -->
  <testcase classname="RoughPkg.Groups3" name="Hello43" time="0.0">
    <ignored/>
  </testcase> <!-- Hello43 -->
  <testcase classname="RoughPkg.Groups3" name="Hello33" time="0.0">
    <ignored/>
  </testcase> <!-- Hello33 -->
  <testcase classname="RoughPkg.Groups3" name="Hello23" time="0.0">
    <ignored/>
  </testcase> <!-- Hello23 -->
</testsuite> <!-- Test -->
