<?xml version="1.0" encoding="UTF-8"?>
<testng-results ignored="14" total="15" passed="1" failed="0" skipped="0">
  <reporter-output>
  </reporter-output>
  <suite started-at="2024-07-05T18:40:47 IST" name="Suite" finished-at="2024-07-05T18:40:47 IST" duration-ms="31">
    <groups>
      <group name="smoke">
        <method signature="Group2.Hello2()[pri:0, instance:RoughPkg.Group2@29215f06]" name="Hello2" class="RoughPkg.Group2"/>
      </group> <!-- smoke -->
    </groups>
    <test started-at="2024-07-05T18:40:47 IST" name="Test" finished-at="2024-07-05T18:40:47 IST" duration-ms="31">
      <class name="RoughPkg.Group2">
        <test-method signature="Hello2()[pri:0, instance:RoughPkg.Group2@29215f06]" started-at="2024-07-05T18:40:47 IST" name="Hello2" finished-at="2024-07-05T18:40:47 IST" duration-ms="6" status="PASS">
          <reporter-output>
          </reporter-output>
        </test-method> <!-- Hello2 -->
      </class> <!-- RoughPkg.Group2 -->
    </test> <!-- Test -->
  </suite> <!-- Suite -->
</testng-results>
