<?xml version="1.0" encoding="UTF-8"?>
<!-- Generated by org.testng.reporters.JUnitXMLReporter -->
<testsuite ignored="2" hostname="Rahul-Ramagiri" failures="0" tests="3" name="Test" time="0.011" errors="0" timestamp="2024-07-05T00:35:11 IST">
  <testcase classname="RoughPkg.Groups3" name="Hello13" time="0.001"/>
  <testcase classname="RoughPkg.Groups3" name="Hello23" time="0.0"/>
  <testcase classname="RoughPkg.Groups3" name="Hello33" time="0.001"/>
  <testcase classname="RoughPkg.Groups3" name="Hello3" time="0.0">
    <ignored/>
  </testcase> <!-- Hello3 -->
  <testcase classname="RoughPkg.Groups3" name="Hello43" time="0.0">
    <ignored/>
  </testcase> <!-- Hello43 -->
</testsuite> <!-- Test -->
