<?xml version="1.0" encoding="UTF-8"?>
<!-- Generated by org.testng.reporters.JUnitXMLReporter -->
<testsuite ignored="3" hostname="Rahul-Ramagiri" failures="0" tests="1" name="Default test" time="4.213" errors="0" timestamp="2024-08-01T00:44:50 IST">
  <testcase classname="RoughPkg.RoughClass" name="Scrilling" time="0.503"/>
  <testcase classname="RoughPkg.RoughClass" name="SelectDropDowns" time="0.0">
    <ignored/>
  </testcase> <!-- SelectDropDowns -->
  <testcase classname="RoughPkg.RoughClass" name="Tc" time="0.0">
    <ignored/>
  </testcase> <!-- Tc -->
  <testcase classname="RoughPkg.RoughClass" name="ValidateLogin" time="0.0">
    <ignored/>
  </testcase> <!-- ValidateLogin -->
</testsuite> <!-- Default test -->
